<?xml version="1.0" encoding="UTF-8"?>
<!-- Generated by org.testng.reporters.JUnitReportReporter -->
<testsuite hostname="Abishek4" failures="0" tests="1" name="FlipkartLazyLoadingTest" time="7.406" errors="0" timestamp="2024-01-14T22:07:57 IST" skipped="0">
  <testcase classname="FlipkartLazyLoadingTest" name="testFlipkartSearch" time="7.406"/>
  <system-out/>
</testsuite> <!-- FlipkartLazyLoadingTest -->
